2014-09-24T10:37:03+00:00 ERR (3): Warning: simplexml_load_string(): Entity: line 1: parser error : String not closed expecting &quot; or '  in /var/www/magento/lib/Varien/Simplexml/Config.php on line 510
2014-09-24T10:37:03+00:00 ERR (3): Warning: simplexml_load_string(): &lt;?xml version = &quot;1.6.2.0.1&quot;?&gt;  in /var/www/magento/lib/Varien/Simplexml/Config.php on line 510
2014-09-24T10:37:03+00:00 ERR (3): Warning: simplexml_load_string():                     ^  in /var/www/magento/lib/Varien/Simplexml/Config.php on line 510
2014-09-24T10:37:03+00:00 ERR (3): Warning: simplexml_load_string(): Entity: line 1: parser warning : Unsupported version '1.6'  in /var/www/magento/lib/Varien/Simplexml/Config.php on line 510
2014-09-24T10:37:03+00:00 ERR (3): Warning: simplexml_load_string(): &lt;?xml version = &quot;1.6.2.0.1&quot;?&gt;  in /var/www/magento/lib/Varien/Simplexml/Config.php on line 510
2014-09-24T10:37:03+00:00 ERR (3): Warning: simplexml_load_string():                     ^  in /var/www/magento/lib/Varien/Simplexml/Config.php on line 510
2014-09-24T10:37:03+00:00 ERR (3): Warning: simplexml_load_string(): Entity: line 1: parser error : Blank needed here  in /var/www/magento/lib/Varien/Simplexml/Config.php on line 510
2014-09-24T10:37:03+00:00 ERR (3): Warning: simplexml_load_string(): &lt;?xml version = &quot;1.6.2.0.1&quot;?&gt;  in /var/www/magento/lib/Varien/Simplexml/Config.php on line 510
2014-09-24T10:37:03+00:00 ERR (3): Warning: simplexml_load_string():                     ^  in /var/www/magento/lib/Varien/Simplexml/Config.php on line 510
2014-09-24T10:37:03+00:00 ERR (3): Warning: simplexml_load_string(): Entity: line 1: parser error : parsing XML declaration: '?&gt;' expected  in /var/www/magento/lib/Varien/Simplexml/Config.php on line 510
2014-09-24T10:37:03+00:00 ERR (3): Warning: simplexml_load_string(): &lt;?xml version = &quot;1.6.2.0.1&quot;?&gt;  in /var/www/magento/lib/Varien/Simplexml/Config.php on line 510
2014-09-24T10:37:03+00:00 ERR (3): Warning: simplexml_load_string():                     ^  in /var/www/magento/lib/Varien/Simplexml/Config.php on line 510
2014-09-24T10:39:27+00:00 ERR (3): Warning: simplexml_load_string(): Entity: line 1: parser warning : Unsupported version '1.6'  in /var/www/magento/lib/Varien/Simplexml/Config.php on line 510
2014-09-24T10:39:27+00:00 ERR (3): Warning: simplexml_load_string(): &lt;?xml version = &quot;1.6&quot;?&gt;  in /var/www/magento/lib/Varien/Simplexml/Config.php on line 510
2014-09-24T10:39:27+00:00 ERR (3): Warning: simplexml_load_string():                      ^  in /var/www/magento/lib/Varien/Simplexml/Config.php on line 510
2014-09-24T10:39:59+00:00 ERR (3): Warning: simplexml_load_string(): Entity: line 1: parser warning : Unsupported version '1.6'  in /var/www/magento/lib/Varien/Simplexml/Config.php on line 510
2014-09-24T10:39:59+00:00 ERR (3): Warning: simplexml_load_string(): &lt;?xml version = &quot;1.6&quot;?&gt;  in /var/www/magento/lib/Varien/Simplexml/Config.php on line 510
2014-09-24T10:39:59+00:00 ERR (3): Warning: simplexml_load_string():                      ^  in /var/www/magento/lib/Varien/Simplexml/Config.php on line 510
2014-09-24T10:40:14+00:00 ERR (3): Warning: simplexml_load_string(): Entity: line 1: parser warning : Unsupported version '1.6'  in /var/www/magento/lib/Varien/Simplexml/Config.php on line 510
2014-09-24T10:40:14+00:00 ERR (3): Warning: simplexml_load_string(): &lt;?xml version = &quot;1.6&quot;?&gt;  in /var/www/magento/lib/Varien/Simplexml/Config.php on line 510
2014-09-24T10:40:14+00:00 ERR (3): Warning: simplexml_load_string():                      ^  in /var/www/magento/lib/Varien/Simplexml/Config.php on line 510
2014-09-24T10:40:28+00:00 ERR (3): Warning: simplexml_load_string(): Entity: line 1: parser warning : Unsupported version '1.6'  in /var/www/magento/lib/Varien/Simplexml/Config.php on line 510
2014-09-24T10:40:28+00:00 ERR (3): Warning: simplexml_load_string(): &lt;?xml version = &quot;1.6&quot;?&gt;  in /var/www/magento/lib/Varien/Simplexml/Config.php on line 510
2014-09-24T10:40:28+00:00 ERR (3): Warning: simplexml_load_string():                      ^  in /var/www/magento/lib/Varien/Simplexml/Config.php on line 510
2014-09-24T10:40:30+00:00 ERR (3): Warning: simplexml_load_string(): Entity: line 1: parser warning : Unsupported version '1.6'  in /var/www/magento/lib/Varien/Simplexml/Config.php on line 510
2014-09-24T10:40:30+00:00 ERR (3): Warning: simplexml_load_string(): &lt;?xml version = &quot;1.6&quot;?&gt;  in /var/www/magento/lib/Varien/Simplexml/Config.php on line 510
2014-09-24T10:40:30+00:00 ERR (3): Warning: simplexml_load_string():                      ^  in /var/www/magento/lib/Varien/Simplexml/Config.php on line 510
2014-09-24T10:40:48+00:00 ERR (3): Warning: simplexml_load_string(): Entity: line 1: parser warning : Unsupported version '1.6'  in /var/www/magento/lib/Varien/Simplexml/Config.php on line 510
2014-09-24T10:40:48+00:00 ERR (3): Warning: simplexml_load_string(): &lt;?xml version = &quot;1.6&quot;?&gt;  in /var/www/magento/lib/Varien/Simplexml/Config.php on line 510
2014-09-24T10:40:48+00:00 ERR (3): Warning: simplexml_load_string():                      ^  in /var/www/magento/lib/Varien/Simplexml/Config.php on line 510
2014-09-24T10:43:14+00:00 ERR (3): Warning: simplexml_load_string(): Entity: line 1: parser warning : Unsupported version '1.6'  in /var/www/magento/lib/Varien/Simplexml/Config.php on line 510
2014-09-24T10:43:14+00:00 ERR (3): Warning: simplexml_load_string(): &lt;?xml version = &quot;1.6&quot;?&gt;  in /var/www/magento/lib/Varien/Simplexml/Config.php on line 510
2014-09-24T10:43:14+00:00 ERR (3): Warning: simplexml_load_string():                      ^  in /var/www/magento/lib/Varien/Simplexml/Config.php on line 510
2014-09-24T11:00:10+00:00 ERR (3): Warning: simplexml_load_string(): Entity: line 1: parser warning : Unsupported version '1.6'  in /var/www/magento/lib/Varien/Simplexml/Config.php on line 510
2014-09-24T11:00:10+00:00 ERR (3): Warning: simplexml_load_string(): &lt;?xml version=&quot;1.6&quot;?&gt;  in /var/www/magento/lib/Varien/Simplexml/Config.php on line 510
2014-09-24T11:00:10+00:00 ERR (3): Warning: simplexml_load_string():                    ^  in /var/www/magento/lib/Varien/Simplexml/Config.php on line 510
2014-09-24T11:02:24+00:00 ERR (3): Warning: simplexml_load_string(): Entity: line 1: parser warning : Unsupported version '1.6'  in /var/www/magento/lib/Varien/Simplexml/Config.php on line 510
2014-09-24T11:02:24+00:00 ERR (3): Warning: simplexml_load_string(): &lt;?xml version=&quot;1.6&quot;?&gt;  in /var/www/magento/lib/Varien/Simplexml/Config.php on line 510
2014-09-24T11:02:24+00:00 ERR (3): Warning: simplexml_load_string():                    ^  in /var/www/magento/lib/Varien/Simplexml/Config.php on line 510
2014-09-24T11:03:31+00:00 ERR (3): Warning: simplexml_load_string(): Entity: line 1: parser warning : Unsupported version '1.6'  in /var/www/magento/lib/Varien/Simplexml/Config.php on line 510
2014-09-24T11:03:31+00:00 ERR (3): Warning: simplexml_load_string(): &lt;?xml version=&quot;1.6&quot;?&gt;  in /var/www/magento/lib/Varien/Simplexml/Config.php on line 510
2014-09-24T11:03:31+00:00 ERR (3): Warning: simplexml_load_string():                    ^  in /var/www/magento/lib/Varien/Simplexml/Config.php on line 510
2014-09-24T11:04:49+00:00 ERR (3): Warning: simplexml_load_string(): Entity: line 1: parser warning : Unsupported version '1.6'  in /var/www/magento/lib/Varien/Simplexml/Config.php on line 510
2014-09-24T11:04:49+00:00 ERR (3): Warning: simplexml_load_string(): &lt;?xml version=&quot;1.6&quot;?&gt;  in /var/www/magento/lib/Varien/Simplexml/Config.php on line 510
2014-09-24T11:04:49+00:00 ERR (3): Warning: simplexml_load_string():                    ^  in /var/www/magento/lib/Varien/Simplexml/Config.php on line 510
2014-09-24T11:05:27+00:00 ERR (3): Warning: simplexml_load_string(): Entity: line 1: parser warning : Unsupported version '1.6'  in /var/www/magento/lib/Varien/Simplexml/Config.php on line 510
2014-09-24T11:05:27+00:00 ERR (3): Warning: simplexml_load_string(): &lt;?xml version=&quot;1.6&quot;?&gt;  in /var/www/magento/lib/Varien/Simplexml/Config.php on line 510
2014-09-24T11:05:27+00:00 ERR (3): Warning: simplexml_load_string():                    ^  in /var/www/magento/lib/Varien/Simplexml/Config.php on line 510
2014-09-24T11:05:56+00:00 ERR (3): Warning: simplexml_load_string(): Entity: line 1: parser warning : Unsupported version '1.6'  in /var/www/magento/lib/Varien/Simplexml/Config.php on line 510
2014-09-24T11:05:56+00:00 ERR (3): Warning: simplexml_load_string(): &lt;?xml version=&quot;1.6&quot;?&gt;  in /var/www/magento/lib/Varien/Simplexml/Config.php on line 510
2014-09-24T11:05:56+00:00 ERR (3): Warning: simplexml_load_string():                    ^  in /var/www/magento/lib/Varien/Simplexml/Config.php on line 510
2014-09-24T11:06:36+00:00 ERR (3): Warning: simplexml_load_string(): Entity: line 1: parser warning : Unsupported version '1.6'  in /var/www/magento/lib/Varien/Simplexml/Config.php on line 510
2014-09-24T11:06:36+00:00 ERR (3): Warning: simplexml_load_string(): &lt;?xml version=&quot;1.6&quot;?&gt;  in /var/www/magento/lib/Varien/Simplexml/Config.php on line 510
2014-09-24T11:06:36+00:00 ERR (3): Warning: simplexml_load_string():                    ^  in /var/www/magento/lib/Varien/Simplexml/Config.php on line 510
2014-09-24T11:08:26+00:00 ERR (3): Warning: simplexml_load_string(): Entity: line 1: parser warning : Unsupported version '1.6'  in /var/www/magento/lib/Varien/Simplexml/Config.php on line 510
2014-09-24T11:08:26+00:00 ERR (3): Warning: simplexml_load_string(): &lt;?xml version=&quot;1.6&quot;?&gt;  in /var/www/magento/lib/Varien/Simplexml/Config.php on line 510
2014-09-24T11:08:26+00:00 ERR (3): Warning: simplexml_load_string():                    ^  in /var/www/magento/lib/Varien/Simplexml/Config.php on line 510
2014-09-24T11:08:27+00:00 ERR (3): Warning: simplexml_load_string(): Entity: line 1: parser warning : Unsupported version '1.6'  in /var/www/magento/lib/Varien/Simplexml/Config.php on line 510
2014-09-24T11:08:27+00:00 ERR (3): Warning: simplexml_load_string(): &lt;?xml version=&quot;1.6&quot;?&gt;  in /var/www/magento/lib/Varien/Simplexml/Config.php on line 510
2014-09-24T11:08:27+00:00 ERR (3): Warning: simplexml_load_string():                    ^  in /var/www/magento/lib/Varien/Simplexml/Config.php on line 510
2014-09-24T11:09:16+00:00 ERR (3): Warning: simplexml_load_string(): Entity: line 1: parser warning : Unsupported version '1.6'  in /var/www/magento/lib/Varien/Simplexml/Config.php on line 510
2014-09-24T11:09:16+00:00 ERR (3): Warning: simplexml_load_string(): &lt;?xml version=&quot;1.6&quot;?&gt;  in /var/www/magento/lib/Varien/Simplexml/Config.php on line 510
2014-09-24T11:09:16+00:00 ERR (3): Warning: simplexml_load_string():                    ^  in /var/www/magento/lib/Varien/Simplexml/Config.php on line 510
2014-09-24T11:09:39+00:00 ERR (3): Warning: simplexml_load_string(): Entity: line 1: parser warning : Unsupported version '1.6'  in /var/www/magento/lib/Varien/Simplexml/Config.php on line 510
2014-09-24T11:09:39+00:00 ERR (3): Warning: simplexml_load_string(): &lt;?xml version=&quot;1.6&quot;?&gt;  in /var/www/magento/lib/Varien/Simplexml/Config.php on line 510
2014-09-24T11:09:39+00:00 ERR (3): Warning: simplexml_load_string():                    ^  in /var/www/magento/lib/Varien/Simplexml/Config.php on line 510
2014-09-24T11:09:54+00:00 ERR (3): Warning: simplexml_load_string(): Entity: line 1: parser warning : Unsupported version '1.6'  in /var/www/magento/lib/Varien/Simplexml/Config.php on line 510
2014-09-24T11:09:54+00:00 ERR (3): Warning: simplexml_load_string(): &lt;?xml version=&quot;1.6&quot;?&gt;  in /var/www/magento/lib/Varien/Simplexml/Config.php on line 510
2014-09-24T11:09:54+00:00 ERR (3): Warning: simplexml_load_string():                    ^  in /var/www/magento/lib/Varien/Simplexml/Config.php on line 510
2014-09-24T11:10:43+00:00 ERR (3): Warning: simplexml_load_string(): Entity: line 1: parser warning : Unsupported version '1.6'  in /var/www/magento/lib/Varien/Simplexml/Config.php on line 510
2014-09-24T11:10:43+00:00 ERR (3): Warning: simplexml_load_string(): &lt;?xml version=&quot;1.6&quot;?&gt;  in /var/www/magento/lib/Varien/Simplexml/Config.php on line 510
2014-09-24T11:10:43+00:00 ERR (3): Warning: simplexml_load_string():                    ^  in /var/www/magento/lib/Varien/Simplexml/Config.php on line 510
2014-09-24T11:12:38+00:00 ERR (3): Warning: simplexml_load_string(): Entity: line 1: parser warning : Unsupported version '1.6'  in /var/www/magento/lib/Varien/Simplexml/Config.php on line 510
2014-09-24T11:12:38+00:00 ERR (3): Warning: simplexml_load_string(): &lt;?xml version=&quot;1.6&quot;?&gt;  in /var/www/magento/lib/Varien/Simplexml/Config.php on line 510
2014-09-24T11:12:38+00:00 ERR (3): Warning: simplexml_load_string():                    ^  in /var/www/magento/lib/Varien/Simplexml/Config.php on line 510
